\BOOKMARK [1][-]{section.1}{Introduction}{}% 1
\BOOKMARK [1][-]{section.2}{Usage}{}% 2
\BOOKMARK [2][-]{subsection.2.1}{Prelude}{section.2}% 3
\BOOKMARK [2][-]{subsection.2.2}{Lemmas, Theorems, and Friends}{section.2}% 4
\BOOKMARK [2][-]{subsection.2.3}{Bibliography}{section.2}% 5
\BOOKMARK [2][-]{subsection.2.4}{How to Generate a PDF?}{section.2}% 6
\BOOKMARK [2][-]{subsection.2.5}{Examples}{section.2}% 7
\BOOKMARK [1][-]{section.3}{Installation}{}% 8
\BOOKMARK [1][-]{section.4}{Implementation}{}% 9
\BOOKMARK [2][-]{subsection.4.1}{Provided Class files}{section.4}% 10
\BOOKMARK [2][-]{subsection.4.2}{Conditionals}{section.4}% 11
\BOOKMARK [2][-]{subsection.4.3}{Base Class}{section.4}% 12
\BOOKMARK [2][-]{subsection.4.4}{Dependencies}{section.4}% 13
\BOOKMARK [2][-]{subsection.4.5}{Available Class Options}{section.4}% 14
\BOOKMARK [2][-]{subsection.4.6}{Prepare Begin of Document}{section.4}% 15
\BOOKMARK [2][-]{subsection.4.7}{Macro Definitions}{section.4}% 16
\BOOKMARK [3][-]{subsubsection.4.7.1}{Theorem Environments}{subsection.4.7}% 17
\BOOKMARK [3][-]{subsubsection.4.7.2}{Bibliography}{subsection.4.7}% 18
\BOOKMARK [3][-]{subsubsection.4.7.3}{Miscellany}{subsection.4.7}% 19
\BOOKMARK [3][-]{subsubsection.4.7.4}{Document Structure}{subsection.4.7}% 20
\BOOKMARK [3][-]{subsubsection.4.7.5}{Titlepage}{subsection.4.7}% 21
\BOOKMARK [3][-]{subsubsection.4.7.6}{Table of Contents}{subsection.4.7}% 22
\BOOKMARK [2][-]{subsection.4.8}{The End}{section.4}% 23
