\BOOKMARK [0][-]{chapter.1}{Introduction}{}% 1
\BOOKMARK [0][-]{chapter.2}{Satogaeri}{}% 2
\BOOKMARK [1][-]{section.2.1}{Rules}{chapter.2}% 3
\BOOKMARK [0][-]{chapter.3}{Satisfiability Modulo Theories}{}% 4
\BOOKMARK [1][-]{section.3.1}{Eager SMT}{chapter.3}% 5
\BOOKMARK [1][-]{section.3.2}{Lazy SMT}{chapter.3}% 6
\BOOKMARK [1][-]{section.3.3}{SMT-Library}{chapter.3}% 7
\BOOKMARK [1][-]{section.3.4}{Logics}{chapter.3}% 8
\BOOKMARK [1][-]{section.3.5}{CVC4}{chapter.3}% 9
\BOOKMARK [0][-]{chapter.4}{Solver}{}% 10
\BOOKMARK [1][-]{section.4.1}{Presetting}{chapter.4}% 11
\BOOKMARK [1][-]{section.4.2}{Declaring Functions}{chapter.4}% 12
\BOOKMARK [1][-]{section.4.3}{Country Rules}{chapter.4}% 13
\BOOKMARK [1][-]{section.4.4}{Circle Rules}{chapter.4}% 14
\BOOKMARK [1][-]{section.4.5}{Solution}{chapter.4}% 15
\BOOKMARK [1][-]{section.4.6}{Quantifier-Free Uninterpreted Functions}{chapter.4}% 16
\BOOKMARK [0][-]{chapter.5}{Generator}{}% 17
\BOOKMARK [1][-]{section.5.1}{Country Generation}{chapter.5}% 18
\BOOKMARK [1][-]{section.5.2}{Circle Generation}{chapter.5}% 19
\BOOKMARK [1][-]{section.5.3}{Verifying Uniqueness}{chapter.5}% 20
\BOOKMARK [0][-]{chapter.6}{Tool}{}% 21
\BOOKMARK [1][-]{section.6.1}{Usability}{chapter.6}% 22
\BOOKMARK [2][-]{subsection.6.1.1}{New Game}{section.6.1}% 23
\BOOKMARK [2][-]{subsection.6.1.2}{Generator}{section.6.1}% 24
\BOOKMARK [2][-]{subsection.6.1.3}{Drawing}{section.6.1}% 25
\BOOKMARK [2][-]{subsection.6.1.4}{Loading Puzzle}{section.6.1}% 26
\BOOKMARK [0][-]{chapter.7}{JavaFX}{}% 27
\BOOKMARK [1][-]{section.7.1}{What is JavaFX?}{chapter.7}% 28
\BOOKMARK [1][-]{section.7.2}{New Features over Swing}{chapter.7}% 29
\BOOKMARK [0][-]{chapter.8}{Statistics}{}% 30
\BOOKMARK [1][-]{section.8.1}{Classifying the Difficulty}{chapter.8}% 31
\BOOKMARK [1][-]{section.8.2}{QF_UF vs QF_LIA}{chapter.8}% 32
\BOOKMARK [1][-]{section.8.3}{Generating}{chapter.8}% 33
\BOOKMARK [0][-]{chapter.9}{Conclusion}{}% 34
\BOOKMARK [1][-]{section.9.1}{Solver}{chapter.9}% 35
\BOOKMARK [1][-]{section.9.2}{Generator}{chapter.9}% 36
\BOOKMARK [1][-]{section.9.3}{Tool}{chapter.9}% 37
\BOOKMARK [0][-]{section*.4}{Bibliography}{}% 38
\BOOKMARK [0][-]{appendix.A}{Exemplary SMT code in QF_LIA}{}% 39
\BOOKMARK [0][-]{appendix.B}{Exemplary SMT code in QF_UF}{}% 40
\BOOKMARK [0][-]{appendix.C}{Statistics Output}{}% 41
